<?xml version="1.0" encoding="UTF-8"?>
<!-- Generated by org.testng.reporters.JUnitReportReporter -->
<testsuite hostname="DESKTOP-HRCKF6T" failures="0" tests="1" name="excelUtility.UserDetails" time="0.657" errors="0" timestamp="2024-05-01T22:36:24 IST" skipped="0">
  <testcase classname="excelUtility.UserDetails" name="getdata" time="0.657"/>
</testsuite> <!-- excelUtility.UserDetails -->
