<?xml version="1.0" encoding="UTF-8"?>
<!-- Generated by org.testng.reporters.JUnitReportReporter -->
<testsuite hostname="DESKTOP-HRCKF6T" failures="0" tests="1" name="testpackage.Democheck" time="34.408" errors="0" timestamp="2024-05-02T00:22:36 IST" skipped="0">
  <testcase classname="testpackage.Democheck" name="demomethod" time="34.408"/>
</testsuite> <!-- testpackage.Democheck -->
