<?xml version="1.0" encoding="UTF-8"?>
<!-- Generated by org.testng.reporters.JUnitReportReporter -->
<testsuite hostname="DESKTOP-HRCKF6T" failures="0" tests="1" name="testpackage.TextBoxPageTest" time="14.663" errors="0" timestamp="2024-05-02T00:24:49 IST" skipped="0">
  <testcase classname="testpackage.TextBoxPageTest" name="textboxpage" time="14.663"/>
</testsuite> <!-- testpackage.TextBoxPageTest -->
