<?xml version="1.0" encoding="UTF-8"?>
<!-- Generated by org.testng.reporters.JUnitReportReporter -->
<testsuite hostname="DESKTOP-HRCKF6T" failures="0" tests="1" name="testpackage.CheckBoxTest" time="17.649" errors="0" timestamp="2024-05-02T22:34:07 IST" skipped="0">
  <testcase classname="testpackage.CheckBoxTest" name="checkboxtest" time="17.649"/>
</testsuite> <!-- testpackage.CheckBoxTest -->
