<?xml version="1.0" encoding="UTF-8"?>
<!-- Generated by org.testng.reporters.JUnitReportReporter -->
<testsuite hostname="DESKTOP-HRCKF6T" failures="0" tests="1" name="testpackage.ElementPageTest" time="19.401" errors="0" timestamp="2024-04-25T23:19:21 IST" skipped="0">
  <testcase classname="testpackage.ElementPageTest" name="element" time="19.401"/>
</testsuite> <!-- testpackage.ElementPageTest -->
