<?xml version="1.0" encoding="UTF-8"?>
<!-- Generated by org.testng.reporters.JUnitReportReporter -->
<testsuite hostname="DESKTOP-HRCKF6T" failures="0" tests="1" name="testpackage.TextBoxPageTest" time="15.005" errors="0" timestamp="2024-05-02T21:30:02 IST" skipped="0">
  <testcase classname="testpackage.TextBoxPageTest" name="textboxpage" time="15.005"/>
</testsuite> <!-- testpackage.TextBoxPageTest -->
