<?xml version="1.0" encoding="UTF-8"?>
<!-- Generated by org.testng.reporters.JUnitReportReporter -->
<testsuite hostname="DESKTOP-HRCKF6T" failures="0" tests="1" name="excelUtility.ReadData" time="0.633" errors="0" timestamp="2024-05-01T22:38:54 IST" skipped="0">
  <testcase classname="excelUtility.ReadData" name="name" time="0.633"/>
</testsuite> <!-- excelUtility.ReadData -->
